[Info  - 18:44:56] Initialising intelephense 1.7.1
[Info  - 18:44:56] Initialised in 89 ms
[Info  - 18:44:57] Environment changed. Refreshing 1 in memory documents.
[Warn  - 18:45:00] file:///var/www/html/act-5/vendor/fakerphp/faker/src/Faker/Provider/nl_BE/Text.php is over the maximum file size of 1000000 bytes.
[Info  - 18:45:00] Indexing started.
[Info  - 18:46:01] Indexing ended. 5975 files indexed in 60s.
[Info  - 18:46:01] Writing state to /var/www/html/act-5/~/.vscode-root/User/workspaceStorage/b19111d1a5a13b6527b4075fd5b9a74b/bmewburn.vscode-intelephense-client/566216b7.
[Info  - 18:46:03] Wrote state in 1.7s.
[Info  - 18:52:36] Indexing started.
[Info  - 18:52:36] Indexing ended. 1 files indexed in 0s.
[Info  - 18:52:41] Indexing started.
[Info  - 18:52:42] Indexing ended. 3 files indexed in 0s.
[Info  - 18:52:42] Indexing started.
[Info  - 18:52:42] Indexing ended. 2 files indexed in 0s.
[Info  - 18:52:43] Indexing started.
[Info  - 18:52:43] Indexing ended. 2 files indexed in 0s.
[Info  - 18:52:44] Indexing started.
[Info  - 18:52:44] Indexing ended. 1 files indexed in 0s.
[Info  - 18:59:17] Indexing started.
[Info  - 18:59:17] Indexing ended. 1 files indexed in 0s.
[Info  - 18:59:22] Indexing started.
[Info  - 18:59:22] Indexing ended. 1 files indexed in 0s.
[Info  - 18:59:26] Indexing started.
[Info  - 18:59:26] Indexing ended. 1 files indexed in 0s.
[Info  - 19:05:27] Indexing started.
[Info  - 19:05:27] Indexing ended. 2 files indexed in 0s.
[Info  - 19:05:42] Indexing started.
[Info  - 19:05:43] Indexing ended. 6 files indexed in 1s.
[Info  - 19:05:43] Indexing started.
[Info  - 19:05:43] Indexing ended. 2 files indexed in 0s.
[Info  - 19:06:21] Indexing started.
[Info  - 19:06:22] Indexing ended. 1 files indexed in 0s.
[Info  - 22:23:44] Indexing started.
[Info  - 22:23:44] Indexing ended. 1 files indexed in 0s.
[Info  - 22:36:09] Indexing started.
[Info  - 22:36:09] Indexing ended. 1 files indexed in 0s.
[Info  - 22:37:10] Indexing started.
[Info  - 22:37:11] Indexing ended. 1 files indexed in 0s.
[Info  - 22:37:31] Indexing started.
[Info  - 22:37:31] Indexing ended. 1 files indexed in 0s.
[Info  - 22:37:48] Indexing started.
[Info  - 22:37:48] Indexing ended. 1 files indexed in 0s.
[Info  - 22:40:20] Indexing started.
[Info  - 22:40:20] Indexing ended. 1 files indexed in 0s.
[Info  - 22:40:34] Indexing started.
[Info  - 22:40:34] Indexing ended. 1 files indexed in 0s.
[Info  - 22:42:03] Indexing started.
[Info  - 22:42:03] Indexing ended. 1 files indexed in 0s.
[Info  - 22:45:11] Indexing started.
[Info  - 22:45:11] Indexing ended. 1 files indexed in 0s.
[Info  - 22:45:18] Indexing started.
[Info  - 22:45:18] Indexing ended. 1 files indexed in 0s.
[Info  - 22:45:41] Indexing started.
[Info  - 22:45:41] Indexing ended. 1 files indexed in 0s.
[Info  - 22:45:58] Indexing started.
[Info  - 22:45:58] Indexing ended. 1 files indexed in 0s.
[Info  - 22:46:10] Indexing started.
[Info  - 22:46:10] Indexing ended. 1 files indexed in 0s.
[Info  - 22:46:17] Indexing started.
[Info  - 22:46:18] Indexing ended. 1 files indexed in 0s.
[Info  - 22:46:24] Indexing started.
[Info  - 22:46:24] Indexing ended. 1 files indexed in 0s.
[Info  - 22:46:52] Indexing started.
[Info  - 22:46:52] Indexing ended. 1 files indexed in 0s.
[Info  - 22:46:59] Indexing started.
[Info  - 22:46:59] Indexing ended. 1 files indexed in 0s.
[Info  - 22:47:06] Indexing started.
[Info  - 22:47:06] Indexing ended. 1 files indexed in 0s.
[Info  - 22:47:14] Indexing started.
[Info  - 22:47:14] Indexing ended. 1 files indexed in 0s.
[Info  - 22:47:21] Indexing started.
[Info  - 22:47:22] Indexing ended. 1 files indexed in 0s.
[Info  - 22:47:26] Indexing started.
[Info  - 22:47:26] Indexing ended. 1 files indexed in 0s.
[Info  - 22:47:44] Indexing started.
[Info  - 22:47:44] Indexing ended. 1 files indexed in 0s.
[Info  - 22:47:50] Indexing started.
[Info  - 22:47:50] Indexing ended. 1 files indexed in 0s.
[Info  - 22:53:29] Indexing started.
[Info  - 22:53:29] Indexing ended. 1 files indexed in 0s.
[Info  - 22:58:07] Indexing started.
[Info  - 22:58:07] Indexing ended. 2 files indexed in 0s.
[Info  - 22:58:23] Indexing started.
[Info  - 22:58:23] Indexing ended. 6 files indexed in 0s.
[Info  - 23:04:52] Indexing started.
[Info  - 23:04:52] Indexing ended. 2 files indexed in 0s.
[Info  - 23:05:04] Indexing started.
[Info  - 23:05:04] Indexing ended. 2 files indexed in 0s.
[Info  - 23:06:03] Indexing started.
[Info  - 23:06:03] Indexing ended. 1 files indexed in 0s.
[Info  - 23:10:38] Indexing started.
[Info  - 23:10:38] Indexing ended. 1 files indexed in 0s.
[Info  - 23:10:44] Indexing started.
[Info  - 23:10:44] Indexing ended. 1 files indexed in 0s.
[Info  - 23:11:15] Indexing started.
[Info  - 23:11:15] Indexing ended. 1 files indexed in 0s.
[Info  - 23:13:43] Indexing started.
[Info  - 23:13:44] Indexing ended. 1 files indexed in 0s.
[Info  - 23:13:50] Indexing started.
[Info  - 23:13:50] Indexing ended. 1 files indexed in 0s.
[Info  - 23:13:53] Indexing started.
[Info  - 23:13:53] Indexing ended. 1 files indexed in 0s.
[Info  - 23:14:03] Indexing started.
[Info  - 23:14:04] Indexing ended. 1 files indexed in 0s.
[Info  - 23:16:10] Indexing started.
[Info  - 23:16:10] Indexing ended. 1 files indexed in 0s.
[Info  - 23:18:36] Indexing started.
[Info  - 23:18:36] Indexing ended. 1 files indexed in 0s.
[Info  - 23:23:35] Indexing started.
[Info  - 23:23:35] Indexing ended. 1 files indexed in 0s.
[Info  - 23:23:49] Indexing started.
[Info  - 23:23:50] Indexing ended. 5 files indexed in 0s.
[Info  - 23:24:07] Indexing started.
[Info  - 23:24:07] Indexing ended. 19 files indexed in 0s.
[Info  - 23:24:10] Indexing started.
[Info  - 23:24:11] Indexing ended. 6 files indexed in 0s.
[Info  - 23:24:35] Indexing started.
[Info  - 23:24:35] Indexing ended. 16 files indexed in 0s.
[Info  - 23:28:23] Indexing started.
[Info  - 23:28:24] Indexing ended. 1 files indexed in 0s.
[Info  - 23:28:24] Indexing started.
[Info  - 23:28:24] Indexing ended. 2 files indexed in 0s.
[Info  - 23:28:52] Indexing started.
[Info  - 23:28:52] Indexing ended. 1 files indexed in 0s.
[Info  - 23:32:09] Indexing started.
[Info  - 23:32:10] Indexing ended. 1 files indexed in 0s.
[Info  - 23:32:34] Indexing started.
[Info  - 23:32:34] Indexing ended. 1 files indexed in 0s.
[Info  - 23:32:56] Indexing started.
[Info  - 23:32:56] Indexing ended. 1 files indexed in 0s.
[Info  - 23:33:13] Indexing started.
[Info  - 23:33:13] Indexing ended. 1 files indexed in 0s.
